c:\users\weiqi\documents\gm31\shinobiver1.52\debug\vc140.pdb
c:\users\weiqi\documents\gm31\shinobiver1.52\debug\vc140.idb
c:\users\weiqi\documents\gm31\shinobiver1.52\debug\modelmanager.obj
c:\users\weiqi\documents\gm31\shinobiver1.52\debug\modelobj.obj
c:\users\weiqi\documents\gm31\shinobiver1.52\debug\ceditormotion.obj
c:\users\weiqi\documents\gm31\shinobiver1.52\debug\cmodelmotion.obj
c:\users\weiqi\documents\gm31\shinobiver1.52\debug\cmotion.obj
c:\users\weiqi\documents\gm31\shinobiver1.52\debug\cpart.obj
c:\users\weiqi\documents\gm31\shinobiver1.52\debug\clifegaugestorage.obj
c:\users\weiqi\documents\gm31\shinobiver1.52\debug\cmodelstorage.obj
c:\users\weiqi\documents\gm31\shinobiver1.52\debug\cscene2dstorage.obj
c:\users\weiqi\documents\gm31\shinobiver1.52\debug\cscene3dstorage.obj
c:\users\weiqi\documents\gm31\shinobiver1.52\debug\scenemanager.obj
c:\users\weiqi\documents\gm31\shinobiver1.52\debug\scenetradecision.obj
c:\users\weiqi\documents\gm31\shinobiver1.52\debug\scenetransition.obj
c:\users\weiqi\documents\gm31\shinobiver1.52\debug\cresult.obj
c:\users\weiqi\documents\gm31\shinobiver1.52\debug\ctutorial.obj
c:\users\weiqi\documents\gm31\shinobiver1.52\debug\cshadermanager.obj
c:\users\weiqi\documents\gm31\shinobiver1.52\debug\cindex_size.obj
c:\users\weiqi\documents\gm31\shinobiver1.52\debug\tex.obj
c:\users\weiqi\documents\gm31\shinobiver1.52\debug\texmanager.obj
c:\users\weiqi\documents\gm31\shinobiver1.52\debug\cfontuiscale.obj
c:\users\weiqi\documents\gm31\shinobiver1.52\debug\cplayerattack01pattern.obj
c:\users\weiqi\documents\gm31\shinobiver1.52\debug\cplayerattack02pattern.obj
c:\users\weiqi\documents\gm31\shinobiver1.52\debug\cplayerattack03pattern.obj
c:\users\weiqi\documents\gm31\shinobiver1.52\debug\cplayerattack04pattern.obj
c:\users\weiqi\documents\gm31\shinobiver1.52\debug\cplayerchangeweaponshapepattern.obj
c:\users\weiqi\documents\gm31\shinobiver1.52\debug\cplayerdeadpattern.obj
c:\users\weiqi\documents\gm31\shinobiver1.52\debug\cplayerneutralpattern.obj
c:\users\weiqi\documents\gm31\shinobiver1.52\debug\cplayerpattern.obj
c:\users\weiqi\documents\gm31\shinobiver1.52\debug\cplayerrollingpattern.obj
c:\users\weiqi\documents\gm31\shinobiver1.52\debug\cplayersteppattern.obj
c:\users\weiqi\documents\gm31\shinobiver1.52\debug\cplayerstunpattern.obj
c:\users\weiqi\documents\gm31\shinobiver1.52\debug\input.obj
c:\users\weiqi\documents\gm31\shinobiver1.52\debug\inputmouse.obj
c:\users\weiqi\documents\gm31\shinobiver1.52\debug\mouseposition.obj
c:\users\weiqi\documents\gm31\shinobiver1.52\debug\xinputcontrol.obj
c:\users\weiqi\documents\gm31\shinobiver1.52\debug\main.obj
c:\users\weiqi\documents\gm31\shinobiver1.52\debug\cpolygonmath.obj
c:\users\weiqi\documents\gm31\shinobiver1.52\debug\ctextload.obj
c:\users\weiqi\documents\gm31\shinobiver1.52\debug\cvectormath.obj
c:\users\weiqi\documents\gm31\shinobiver1.52\debug\raypicktomesh.obj
c:\users\weiqi\documents\gm31\shinobiver1.52\debug\cenemydogbiteattackstate.obj
c:\users\weiqi\documents\gm31\shinobiver1.52\debug\cenemydogdeadstate.obj
c:\users\weiqi\documents\gm31\shinobiver1.52\debug\cenemydogjumpattackstate.obj
c:\users\weiqi\documents\gm31\shinobiver1.52\debug\cenemydogpatrolstate.obj
c:\users\weiqi\documents\gm31\shinobiver1.52\debug\cenemydogroratetoplayerstate.obj
c:\users\weiqi\documents\gm31\shinobiver1.52\debug\cenemydogrunstate.obj
c:\users\weiqi\documents\gm31\shinobiver1.52\debug\cenemydogstunstate.obj
c:\users\weiqi\documents\gm31\shinobiver1.52\debug\cenemydogtopstate.obj
c:\users\weiqi\documents\gm31\shinobiver1.52\debug\cenemydogwaitstate.obj
c:\users\weiqi\documents\gm31\shinobiver1.52\debug\cenemydogwalkstate.obj
c:\users\weiqi\documents\gm31\shinobiver1.52\debug\cenemydogstatemanager.obj
c:\users\weiqi\documents\gm31\shinobiver1.52\debug\cnavmesh.obj
c:\users\weiqi\documents\gm31\shinobiver1.52\debug\cnavmeshmanager.obj
c:\users\weiqi\documents\gm31\shinobiver1.52\debug\ccharactercamera.obj
c:\users\weiqi\documents\gm31\shinobiver1.52\debug\clinkplayertoui.obj
c:\users\weiqi\documents\gm31\shinobiver1.52\debug\clockonef.obj
c:\users\weiqi\documents\gm31\shinobiver1.52\debug\clockonenemy.obj
c:\users\weiqi\documents\gm31\shinobiver1.52\debug\cplayer.obj
c:\users\weiqi\documents\gm31\shinobiver1.52\debug\cplayercontrol.obj
c:\users\weiqi\documents\gm31\shinobiver1.52\debug\cplayerpatternmanager.obj
c:\users\weiqi\documents\gm31\shinobiver1.52\debug\cshowdebugflag.obj
c:\users\weiqi\documents\gm31\shinobiver1.52\debug\crenderer.obj
c:\users\weiqi\documents\gm31\shinobiver1.52\debug\cafterimageeffect.obj
c:\users\weiqi\documents\gm31\shinobiver1.52\debug\cblood.obj
c:\users\weiqi\documents\gm31\shinobiver1.52\debug\cbloodstorage.obj
c:\users\weiqi\documents\gm31\shinobiver1.52\debug\ccube.obj
c:\users\weiqi\documents\gm31\shinobiver1.52\debug\cdepthrendertarget.obj
c:\users\weiqi\documents\gm31\shinobiver1.52\debug\cfog.obj
c:\users\weiqi\documents\gm31\shinobiver1.52\debug\chuman.obj
c:\users\weiqi\documents\gm31\shinobiver1.52\debug\crendertarget2d.obj
c:\users\weiqi\documents\gm31\shinobiver1.52\debug\cstencilshadow.obj
c:\users\weiqi\documents\gm31\shinobiver1.52\debug\cweapon.obj
c:\users\weiqi\documents\gm31\shinobiver1.52\debug\cenemy.obj
c:\users\weiqi\documents\gm31\shinobiver1.52\debug\cenemycontrol.obj
c:\users\weiqi\documents\gm31\shinobiver1.52\debug\cenemystorage.obj
c:\users\weiqi\documents\gm31\shinobiver1.52\debug\clifegauge.obj
c:\users\weiqi\documents\gm31\shinobiver1.52\debug\cpathball.obj
c:\users\weiqi\documents\gm31\shinobiver1.52\debug\cpathpoint.obj
c:\users\weiqi\documents\gm31\shinobiver1.52\debug\cenemydogattackmodestate.obj
c:\users\weiqi\documents\gm31\shinobiver1.52\debug\cenemydogattackrecoverystate.obj
c:\users\weiqi\documents\gm31\shinobiver1.52\debug\ccollisionjudge.obj
c:\users\weiqi\documents\gm31\shinobiver1.52\debug\ccollisionmath.obj
c:\users\weiqi\documents\gm31\shinobiver1.52\debug\ccollisionplayerandenemy.obj
c:\users\weiqi\documents\gm31\shinobiver1.52\debug\ccollisionplayerandmodel.obj
c:\users\weiqi\documents\gm31\shinobiver1.52\debug\ccamera.obj
c:\users\weiqi\documents\gm31\shinobiver1.52\debug\ccameralight.obj
c:\users\weiqi\documents\gm31\shinobiver1.52\debug\ccameramanager.obj
c:\users\weiqi\documents\gm31\shinobiver1.52\debug\cmodel.obj
c:\users\weiqi\documents\gm31\shinobiver1.52\debug\cscene.obj
c:\users\weiqi\documents\gm31\shinobiver1.52\debug\cscene2d.obj
c:\users\weiqi\documents\gm31\shinobiver1.52\debug\cscene2dindex.obj
c:\users\weiqi\documents\gm31\shinobiver1.52\debug\cscene3d.obj
c:\users\weiqi\documents\gm31\shinobiver1.52\debug\cscene3d_draw.obj
c:\users\weiqi\documents\gm31\shinobiver1.52\debug\cskydome.obj
c:\users\weiqi\documents\gm31\shinobiver1.52\debug\clight.obj
c:\users\weiqi\documents\gm31\shinobiver1.52\debug\clightmanager.obj
c:\users\weiqi\documents\gm31\shinobiver1.52\debug\cmeshfield.obj
c:\users\weiqi\documents\gm31\shinobiver1.52\debug\cmeshfieldmanager.obj
c:\users\weiqi\documents\gm31\shinobiver1.52\debug\ctitle.obj
c:\users\weiqi\documents\gm31\shinobiver1.52\debug\cdebug.obj
c:\users\weiqi\documents\gm31\shinobiver1.52\debug\sound.obj
c:\users\weiqi\documents\gm31\shinobiver1.52\debug\ccoordinate.obj
c:\users\weiqi\documents\gm31\shinobiver1.52\debug\cmapeditor.obj
c:\users\weiqi\documents\gm31\shinobiver1.52\debug\cobjectandmesheditor.obj
c:\users\weiqi\documents\gm31\shinobiver1.52\debug\cleveldesigneditor.obj
c:\users\weiqi\documents\gm31\shinobiver1.52\debug\cleveldesignui.obj
c:\users\weiqi\documents\gm31\shinobiver1.52\debug\chermitian.obj
c:\users\weiqi\documents\gm31\shinobiver1.52\debug\cobjectandmesheditorui.obj
c:\users\weiqi\documents\gm31\shinobiver1.52\debug\cmeshdataio.obj
c:\users\weiqi\documents\gm31\shinobiver1.52\debug\cmouseeditmeshfield.obj
c:\users\weiqi\documents\gm31\shinobiver1.52\debug\cmousewindow.obj
c:\users\weiqi\documents\gm31\shinobiver1.52\debug\cselectmoreobj.obj
c:\users\weiqi\documents\gm31\shinobiver1.52\debug\c_obj3d_dataio.obj
c:\users\weiqi\documents\gm31\shinobiver1.52\debug\ccreaturedataio.obj
c:\users\weiqi\documents\gm31\shinobiver1.52\debug\cmotioneditor.obj
c:\users\weiqi\documents\gm31\shinobiver1.52\debug\cgame.obj
c:\users\weiqi\documents\gm31\shinobiver1.52\debug\cgameui.obj
c:\users\weiqi\documents\gm31\shinobiver1.52\debug\callobj3dhitmesh.obj
c:\users\weiqi\documents\gm31\shinobiver1.52\debug\ccollisioncircle.obj
c:\users\weiqi\documents\gm31\shinobiver1.52\debug\ccollisionenemyandmodel.obj
c:\users\weiqi\documents\gm31\shinobiver1.52\debug\imgui_impl_dx9.obj
c:\users\weiqi\documents\gm31\shinobiver1.52\debug\imgui.obj
c:\users\weiqi\documents\gm31\shinobiver1.52\debug\imgui_demo.obj
c:\users\weiqi\documents\gm31\shinobiver1.52\debug\imgui_draw.obj
c:\users\weiqi\documents\gm31\shinobiver1.52\basicps.cso
c:\users\weiqi\documents\gm31\shinobiver1.52\deffusedepthshadowps.cso
c:\users\weiqi\documents\gm31\shinobiver1.52\deffusedepthshadowvs .cso
c:\users\weiqi\documents\gm31\shinobiver1.52\depthtextureps.cso
c:\users\weiqi\documents\gm31\shinobiver1.52\depthtexturevs.cso
c:\users\weiqi\documents\gm31\shinobiver1.52\motionblurps.cso
c:\users\weiqi\documents\gm31\shinobiver1.52\motionblurvs.cso
c:\users\weiqi\documents\gm31\shinobiver1.52\speculardepthshadowps.cso
c:\users\weiqi\documents\gm31\shinobiver1.52\speculardepthshadowvs.cso
c:\users\weiqi\documents\gm31\shinobiver1.52\specularps.cso
c:\users\weiqi\documents\gm31\shinobiver1.52\specularvs.cso
c:\users\weiqi\documents\gm31\shinobiver1.52\framework_debug.ilk
c:\users\weiqi\documents\gm31\shinobiver1.52\framework_debug.exe
c:\users\weiqi\documents\gm31\shinobiver1.52\framework_debug.pdb
c:\users\weiqi\documents\gm31\shinobiver1.52\debug\frameworkeditor.res
c:\users\weiqi\documents\gm31\shinobiver1.52\debug\framework.tlog\cl.command.1.tlog
c:\users\weiqi\documents\gm31\shinobiver1.52\debug\framework.tlog\cl.read.1.tlog
c:\users\weiqi\documents\gm31\shinobiver1.52\debug\framework.tlog\cl.write.1.tlog
c:\users\weiqi\documents\gm31\shinobiver1.52\debug\framework.tlog\framework.write.1u.tlog
c:\users\weiqi\documents\gm31\shinobiver1.52\debug\framework.tlog\link.command.1.tlog
c:\users\weiqi\documents\gm31\shinobiver1.52\debug\framework.tlog\link.read.1.tlog
c:\users\weiqi\documents\gm31\shinobiver1.52\debug\framework.tlog\link.write.1.tlog
c:\users\weiqi\documents\gm31\shinobiver1.52\debug\framework.tlog\rc.command.1.tlog
c:\users\weiqi\documents\gm31\shinobiver1.52\debug\framework.tlog\rc.read.1.tlog
c:\users\weiqi\documents\gm31\shinobiver1.52\debug\framework.tlog\rc.write.1.tlog
