  CCoordinate.cpp
  C:\Program Files (x86)\Microsoft DirectX SDK (June 2010)\include\dinput.h: DIRECTINPUT_VERSION undefined. Defaulting to version 0x0800
  CHermitian.cpp
  C:\Program Files (x86)\Microsoft DirectX SDK (June 2010)\include\dinput.h: DIRECTINPUT_VERSION undefined. Defaulting to version 0x0800
  CMapEditor.cpp
  C:\Program Files (x86)\Microsoft DirectX SDK (June 2010)\include\dinput.h: DIRECTINPUT_VERSION undefined. Defaulting to version 0x0800
  CMeshDataIO.cpp
  C:\Program Files (x86)\Microsoft DirectX SDK (June 2010)\include\dinput.h: DIRECTINPUT_VERSION undefined. Defaulting to version 0x0800
  CMouseEditMeshField.cpp
  C:\Program Files (x86)\Microsoft DirectX SDK (June 2010)\include\dinput.h: DIRECTINPUT_VERSION undefined. Defaulting to version 0x0800
  CMouseWindow.cpp
  C:\Program Files (x86)\Microsoft DirectX SDK (June 2010)\include\dinput.h: DIRECTINPUT_VERSION undefined. Defaulting to version 0x0800
  CObjectAndMeshEditor.cpp
  C:\Program Files (x86)\Microsoft DirectX SDK (June 2010)\include\dinput.h: DIRECTINPUT_VERSION undefined. Defaulting to version 0x0800
  CObjectAndMeshEditorUI.cpp
  C:\Program Files (x86)\Microsoft DirectX SDK (June 2010)\include\dinput.h: DIRECTINPUT_VERSION undefined. Defaulting to version 0x0800
  CSelectMoreObj.cpp
  C:\Program Files (x86)\Microsoft DirectX SDK (June 2010)\include\dinput.h: DIRECTINPUT_VERSION undefined. Defaulting to version 0x0800
  C_Obj3D_DataIO.cpp
  C:\Program Files (x86)\Microsoft DirectX SDK (June 2010)\include\dinput.h: DIRECTINPUT_VERSION undefined. Defaulting to version 0x0800
  CCreatureDataIO.cpp
  C:\Program Files (x86)\Microsoft DirectX SDK (June 2010)\include\dinput.h: DIRECTINPUT_VERSION undefined. Defaulting to version 0x0800
  CLevelDesignEditor.cpp
  C:\Program Files (x86)\Microsoft DirectX SDK (June 2010)\include\dinput.h: DIRECTINPUT_VERSION undefined. Defaulting to version 0x0800
  CLevelDesignUI.cpp
  C:\Program Files (x86)\Microsoft DirectX SDK (June 2010)\include\dinput.h: DIRECTINPUT_VERSION undefined. Defaulting to version 0x0800
  CMotionEditor.cpp
  C:\Program Files (x86)\Microsoft DirectX SDK (June 2010)\include\dinput.h: DIRECTINPUT_VERSION undefined. Defaulting to version 0x0800
  CGame.cpp
  C:\Program Files (x86)\Microsoft DirectX SDK (June 2010)\include\dinput.h: DIRECTINPUT_VERSION undefined. Defaulting to version 0x0800
  CGameUI.cpp
  C:\Program Files (x86)\Microsoft DirectX SDK (June 2010)\include\dinput.h: DIRECTINPUT_VERSION undefined. Defaulting to version 0x0800
  CCamera.cpp
  C:\Program Files (x86)\Microsoft DirectX SDK (June 2010)\include\dinput.h: DIRECTINPUT_VERSION undefined. Defaulting to version 0x0800
  CCameraLight.cpp
  C:\Program Files (x86)\Microsoft DirectX SDK (June 2010)\include\dinput.h: DIRECTINPUT_VERSION undefined. Defaulting to version 0x0800
  CModel.cpp
  C:\Program Files (x86)\Microsoft DirectX SDK (June 2010)\include\dinput.h: DIRECTINPUT_VERSION undefined. Defaulting to version 0x0800
  CScene.cpp
  C:\Program Files (x86)\Microsoft DirectX SDK (June 2010)\include\dinput.h: DIRECTINPUT_VERSION undefined. Defaulting to version 0x0800
  コンパイル中...
  CScene2D.cpp
  C:\Program Files (x86)\Microsoft DirectX SDK (June 2010)\include\dinput.h: DIRECTINPUT_VERSION undefined. Defaulting to version 0x0800
  CScene2DIndex.cpp
  C:\Program Files (x86)\Microsoft DirectX SDK (June 2010)\include\dinput.h: DIRECTINPUT_VERSION undefined. Defaulting to version 0x0800
  CScene3D.cpp
  C:\Program Files (x86)\Microsoft DirectX SDK (June 2010)\include\dinput.h: DIRECTINPUT_VERSION undefined. Defaulting to version 0x0800
  CScene3D_Draw.cpp
  C:\Program Files (x86)\Microsoft DirectX SDK (June 2010)\include\dinput.h: DIRECTINPUT_VERSION undefined. Defaulting to version 0x0800
  CSkyDome.cpp
  C:\Program Files (x86)\Microsoft DirectX SDK (June 2010)\include\dinput.h: DIRECTINPUT_VERSION undefined. Defaulting to version 0x0800
  CLight.cpp
  C:\Program Files (x86)\Microsoft DirectX SDK (June 2010)\include\dinput.h: DIRECTINPUT_VERSION undefined. Defaulting to version 0x0800
  CMeshField.cpp
  C:\Program Files (x86)\Microsoft DirectX SDK (June 2010)\include\dinput.h: DIRECTINPUT_VERSION undefined. Defaulting to version 0x0800
  CMeshFieldManager.cpp
  C:\Program Files (x86)\Microsoft DirectX SDK (June 2010)\include\dinput.h: DIRECTINPUT_VERSION undefined. Defaulting to version 0x0800
  CShaderManager.cpp
  C:\Program Files (x86)\Microsoft DirectX SDK (June 2010)\include\dinput.h: DIRECTINPUT_VERSION undefined. Defaulting to version 0x0800
  CTitle.cpp
  C:\Program Files (x86)\Microsoft DirectX SDK (June 2010)\include\dinput.h: DIRECTINPUT_VERSION undefined. Defaulting to version 0x0800
  CAllObj3DHitMesh.cpp
  C:\Program Files (x86)\Microsoft DirectX SDK (June 2010)\include\dinput.h: DIRECTINPUT_VERSION undefined. Defaulting to version 0x0800
  CCollisionCircle.cpp
  C:\Program Files (x86)\Microsoft DirectX SDK (June 2010)\include\dinput.h: DIRECTINPUT_VERSION undefined. Defaulting to version 0x0800
  CCollisionEnemyAndModel.cpp
  C:\Program Files (x86)\Microsoft DirectX SDK (June 2010)\include\dinput.h: DIRECTINPUT_VERSION undefined. Defaulting to version 0x0800
  CCollisionJudge.cpp
  C:\Program Files (x86)\Microsoft DirectX SDK (June 2010)\include\dinput.h: DIRECTINPUT_VERSION undefined. Defaulting to version 0x0800
  CCollisionMath.cpp
  C:\Program Files (x86)\Microsoft DirectX SDK (June 2010)\include\dinput.h: DIRECTINPUT_VERSION undefined. Defaulting to version 0x0800
  CCollisionPlayerAndEnemy.cpp
  C:\Program Files (x86)\Microsoft DirectX SDK (June 2010)\include\dinput.h: DIRECTINPUT_VERSION undefined. Defaulting to version 0x0800
  CCollisionPlayerAndModel.cpp
  C:\Program Files (x86)\Microsoft DirectX SDK (June 2010)\include\dinput.h: DIRECTINPUT_VERSION undefined. Defaulting to version 0x0800
  CDebug.cpp
  C:\Program Files (x86)\Microsoft DirectX SDK (June 2010)\include\dinput.h: DIRECTINPUT_VERSION undefined. Defaulting to version 0x0800
  CRenderer.cpp
  C:\Program Files (x86)\Microsoft DirectX SDK (June 2010)\include\dinput.h: DIRECTINPUT_VERSION undefined. Defaulting to version 0x0800
  CAfterimageEffect.cpp
  C:\Program Files (x86)\Microsoft DirectX SDK (June 2010)\include\dinput.h: DIRECTINPUT_VERSION undefined. Defaulting to version 0x0800
  コンパイル中...
  CBlood.cpp
  C:\Program Files (x86)\Microsoft DirectX SDK (June 2010)\include\dinput.h: DIRECTINPUT_VERSION undefined. Defaulting to version 0x0800
  CBloodStorage.cpp
  C:\Program Files (x86)\Microsoft DirectX SDK (June 2010)\include\dinput.h: DIRECTINPUT_VERSION undefined. Defaulting to version 0x0800
  CCube.cpp
  C:\Program Files (x86)\Microsoft DirectX SDK (June 2010)\include\dinput.h: DIRECTINPUT_VERSION undefined. Defaulting to version 0x0800
  CDepthRenderTarget.cpp
  C:\Program Files (x86)\Microsoft DirectX SDK (June 2010)\include\dinput.h: DIRECTINPUT_VERSION undefined. Defaulting to version 0x0800
  CFog.cpp
  C:\Program Files (x86)\Microsoft DirectX SDK (June 2010)\include\dinput.h: DIRECTINPUT_VERSION undefined. Defaulting to version 0x0800
  CHuman.cpp
  C:\Program Files (x86)\Microsoft DirectX SDK (June 2010)\include\dinput.h: DIRECTINPUT_VERSION undefined. Defaulting to version 0x0800
  CRenderTarget2D.cpp
  C:\Program Files (x86)\Microsoft DirectX SDK (June 2010)\include\dinput.h: DIRECTINPUT_VERSION undefined. Defaulting to version 0x0800
  CStencilShadow.cpp
  C:\Program Files (x86)\Microsoft DirectX SDK (June 2010)\include\dinput.h: DIRECTINPUT_VERSION undefined. Defaulting to version 0x0800
  CWeapon.cpp
  C:\Program Files (x86)\Microsoft DirectX SDK (June 2010)\include\dinput.h: DIRECTINPUT_VERSION undefined. Defaulting to version 0x0800
  CEnemy.cpp
  C:\Program Files (x86)\Microsoft DirectX SDK (June 2010)\include\dinput.h: DIRECTINPUT_VERSION undefined. Defaulting to version 0x0800
  CEnemyControl.cpp
  C:\Program Files (x86)\Microsoft DirectX SDK (June 2010)\include\dinput.h: DIRECTINPUT_VERSION undefined. Defaulting to version 0x0800
  CEnemyStorage.cpp
  C:\Program Files (x86)\Microsoft DirectX SDK (June 2010)\include\dinput.h: DIRECTINPUT_VERSION undefined. Defaulting to version 0x0800
  CLifeGauge.cpp
  C:\Program Files (x86)\Microsoft DirectX SDK (June 2010)\include\dinput.h: DIRECTINPUT_VERSION undefined. Defaulting to version 0x0800
  CPathBall.cpp
  C:\Program Files (x86)\Microsoft DirectX SDK (June 2010)\include\dinput.h: DIRECTINPUT_VERSION undefined. Defaulting to version 0x0800
  CEnemyDogAttackModeState.cpp
  C:\Program Files (x86)\Microsoft DirectX SDK (June 2010)\include\dinput.h: DIRECTINPUT_VERSION undefined. Defaulting to version 0x0800
  CEnemyDogAttackRecoveryState.cpp
  C:\Program Files (x86)\Microsoft DirectX SDK (June 2010)\include\dinput.h: DIRECTINPUT_VERSION undefined. Defaulting to version 0x0800
  CEnemyDogBiteAttackState.cpp
  C:\Program Files (x86)\Microsoft DirectX SDK (June 2010)\include\dinput.h: DIRECTINPUT_VERSION undefined. Defaulting to version 0x0800
  CEnemyDogDeadState.cpp
  C:\Program Files (x86)\Microsoft DirectX SDK (June 2010)\include\dinput.h: DIRECTINPUT_VERSION undefined. Defaulting to version 0x0800
  CEnemyDogJumpAttackState.cpp
  C:\Program Files (x86)\Microsoft DirectX SDK (June 2010)\include\dinput.h: DIRECTINPUT_VERSION undefined. Defaulting to version 0x0800
  CEnemyDogPatrolState.cpp
  C:\Program Files (x86)\Microsoft DirectX SDK (June 2010)\include\dinput.h: DIRECTINPUT_VERSION undefined. Defaulting to version 0x0800
  コンパイル中...
  CEnemyDogRorateToPlayerState.cpp
  C:\Program Files (x86)\Microsoft DirectX SDK (June 2010)\include\dinput.h: DIRECTINPUT_VERSION undefined. Defaulting to version 0x0800
  CEnemyDogRunState.cpp
  C:\Program Files (x86)\Microsoft DirectX SDK (June 2010)\include\dinput.h: DIRECTINPUT_VERSION undefined. Defaulting to version 0x0800
  CEnemyDogStunState.cpp
  C:\Program Files (x86)\Microsoft DirectX SDK (June 2010)\include\dinput.h: DIRECTINPUT_VERSION undefined. Defaulting to version 0x0800
  CEnemyDogTopState.cpp
  C:\Program Files (x86)\Microsoft DirectX SDK (June 2010)\include\dinput.h: DIRECTINPUT_VERSION undefined. Defaulting to version 0x0800
  CEnemyDogWaitState.cpp
  C:\Program Files (x86)\Microsoft DirectX SDK (June 2010)\include\dinput.h: DIRECTINPUT_VERSION undefined. Defaulting to version 0x0800
  CEnemyDogWalkState.cpp
  C:\Program Files (x86)\Microsoft DirectX SDK (June 2010)\include\dinput.h: DIRECTINPUT_VERSION undefined. Defaulting to version 0x0800
  CNavMesh.cpp
  C:\Program Files (x86)\Microsoft DirectX SDK (June 2010)\include\dinput.h: DIRECTINPUT_VERSION undefined. Defaulting to version 0x0800
  CNavMeshManager.cpp
  C:\Program Files (x86)\Microsoft DirectX SDK (June 2010)\include\dinput.h: DIRECTINPUT_VERSION undefined. Defaulting to version 0x0800
  CCharacterCamera.cpp
  C:\Program Files (x86)\Microsoft DirectX SDK (June 2010)\include\dinput.h: DIRECTINPUT_VERSION undefined. Defaulting to version 0x0800
  CLinkPlayerToUI.cpp
  C:\Program Files (x86)\Microsoft DirectX SDK (June 2010)\include\dinput.h: DIRECTINPUT_VERSION undefined. Defaulting to version 0x0800
  CLockOnEF.cpp
  C:\Program Files (x86)\Microsoft DirectX SDK (June 2010)\include\dinput.h: DIRECTINPUT_VERSION undefined. Defaulting to version 0x0800
  CLockOnEnemy.cpp
  C:\Program Files (x86)\Microsoft DirectX SDK (June 2010)\include\dinput.h: DIRECTINPUT_VERSION undefined. Defaulting to version 0x0800
  CPlayer.cpp
  C:\Program Files (x86)\Microsoft DirectX SDK (June 2010)\include\dinput.h: DIRECTINPUT_VERSION undefined. Defaulting to version 0x0800
  CPlayerControl.cpp
  C:\Program Files (x86)\Microsoft DirectX SDK (June 2010)\include\dinput.h: DIRECTINPUT_VERSION undefined. Defaulting to version 0x0800
  CPlayerAttack01Pattern.cpp
  C:\Program Files (x86)\Microsoft DirectX SDK (June 2010)\include\dinput.h: DIRECTINPUT_VERSION undefined. Defaulting to version 0x0800
  CPlayerAttack02Pattern.cpp
  C:\Program Files (x86)\Microsoft DirectX SDK (June 2010)\include\dinput.h: DIRECTINPUT_VERSION undefined. Defaulting to version 0x0800
  CPlayerAttack03Pattern.cpp
  C:\Program Files (x86)\Microsoft DirectX SDK (June 2010)\include\dinput.h: DIRECTINPUT_VERSION undefined. Defaulting to version 0x0800
  CPlayerAttack04Pattern.cpp
  C:\Program Files (x86)\Microsoft DirectX SDK (June 2010)\include\dinput.h: DIRECTINPUT_VERSION undefined. Defaulting to version 0x0800
  CPlayerChangeWeaponShapePattern.cpp
  C:\Program Files (x86)\Microsoft DirectX SDK (June 2010)\include\dinput.h: DIRECTINPUT_VERSION undefined. Defaulting to version 0x0800
  CPlayerDeadPattern.cpp
  C:\Program Files (x86)\Microsoft DirectX SDK (June 2010)\include\dinput.h: DIRECTINPUT_VERSION undefined. Defaulting to version 0x0800
  コンパイル中...
  CPlayerNeutralPattern.cpp
  C:\Program Files (x86)\Microsoft DirectX SDK (June 2010)\include\dinput.h: DIRECTINPUT_VERSION undefined. Defaulting to version 0x0800
  CPlayerPattern.cpp
  C:\Program Files (x86)\Microsoft DirectX SDK (June 2010)\include\dinput.h: DIRECTINPUT_VERSION undefined. Defaulting to version 0x0800
  CPlayerRollingPattern.cpp
  C:\Program Files (x86)\Microsoft DirectX SDK (June 2010)\include\dinput.h: DIRECTINPUT_VERSION undefined. Defaulting to version 0x0800
  CPlayerStepPattern.cpp
  C:\Program Files (x86)\Microsoft DirectX SDK (June 2010)\include\dinput.h: DIRECTINPUT_VERSION undefined. Defaulting to version 0x0800
  CPlayerStunPattern.cpp
  C:\Program Files (x86)\Microsoft DirectX SDK (June 2010)\include\dinput.h: DIRECTINPUT_VERSION undefined. Defaulting to version 0x0800
  MousePosition.cpp
  C:\Program Files (x86)\Microsoft DirectX SDK (June 2010)\include\dinput.h: DIRECTINPUT_VERSION undefined. Defaulting to version 0x0800
  XInputControl.cpp
  C:\Program Files (x86)\Microsoft DirectX SDK (June 2010)\include\dinput.h: DIRECTINPUT_VERSION undefined. Defaulting to version 0x0800
  input.cpp
  C:\Program Files (x86)\Microsoft DirectX SDK (June 2010)\include\dinput.h: DIRECTINPUT_VERSION undefined. Defaulting to version 0x0800
  inputmouse.cpp
  C:\Program Files (x86)\Microsoft DirectX SDK (June 2010)\include\dinput.h: DIRECTINPUT_VERSION undefined. Defaulting to version 0x0800
  ModelObj.cpp
  C:\Program Files (x86)\Microsoft DirectX SDK (June 2010)\include\dinput.h: DIRECTINPUT_VERSION undefined. Defaulting to version 0x0800
  CEditorMotion.cpp
  C:\Program Files (x86)\Microsoft DirectX SDK (June 2010)\include\dinput.h: DIRECTINPUT_VERSION undefined. Defaulting to version 0x0800
  CModelMotion.cpp
  C:\Program Files (x86)\Microsoft DirectX SDK (June 2010)\include\dinput.h: DIRECTINPUT_VERSION undefined. Defaulting to version 0x0800
  CPart.cpp
  C:\Program Files (x86)\Microsoft DirectX SDK (June 2010)\include\dinput.h: DIRECTINPUT_VERSION undefined. Defaulting to version 0x0800
  CLifeGaugeStorage.cpp
  C:\Program Files (x86)\Microsoft DirectX SDK (June 2010)\include\dinput.h: DIRECTINPUT_VERSION undefined. Defaulting to version 0x0800
  CModelStorage.cpp
  C:\Program Files (x86)\Microsoft DirectX SDK (June 2010)\include\dinput.h: DIRECTINPUT_VERSION undefined. Defaulting to version 0x0800
  CScene2DStorage.cpp
  C:\Program Files (x86)\Microsoft DirectX SDK (June 2010)\include\dinput.h: DIRECTINPUT_VERSION undefined. Defaulting to version 0x0800
  CScene3DStorage.cpp
  C:\Program Files (x86)\Microsoft DirectX SDK (June 2010)\include\dinput.h: DIRECTINPUT_VERSION undefined. Defaulting to version 0x0800
  SceneManager.cpp
  C:\Program Files (x86)\Microsoft DirectX SDK (June 2010)\include\dinput.h: DIRECTINPUT_VERSION undefined. Defaulting to version 0x0800
  SceneTransition.cpp
  C:\Program Files (x86)\Microsoft DirectX SDK (June 2010)\include\dinput.h: DIRECTINPUT_VERSION undefined. Defaulting to version 0x0800
  CResult.cpp
  C:\Program Files (x86)\Microsoft DirectX SDK (June 2010)\include\dinput.h: DIRECTINPUT_VERSION undefined. Defaulting to version 0x0800
  コンパイル中...
  CTutorial.cpp
  C:\Program Files (x86)\Microsoft DirectX SDK (June 2010)\include\dinput.h: DIRECTINPUT_VERSION undefined. Defaulting to version 0x0800
  Tex.cpp
  C:\Program Files (x86)\Microsoft DirectX SDK (June 2010)\include\dinput.h: DIRECTINPUT_VERSION undefined. Defaulting to version 0x0800
  CFontUIScale.cpp
  C:\Program Files (x86)\Microsoft DirectX SDK (June 2010)\include\dinput.h: DIRECTINPUT_VERSION undefined. Defaulting to version 0x0800
  main.cpp
  CPolygonMath.cpp
  C:\Program Files (x86)\Microsoft DirectX SDK (June 2010)\include\dinput.h: DIRECTINPUT_VERSION undefined. Defaulting to version 0x0800
  CTextLoad.cpp
  C:\Program Files (x86)\Microsoft DirectX SDK (June 2010)\include\dinput.h: DIRECTINPUT_VERSION undefined. Defaulting to version 0x0800
  CVectorMath.cpp
  C:\Program Files (x86)\Microsoft DirectX SDK (June 2010)\include\dinput.h: DIRECTINPUT_VERSION undefined. Defaulting to version 0x0800
  raypicktomesh.cpp
  C:\Program Files (x86)\Microsoft DirectX SDK (June 2010)\include\dinput.h: DIRECTINPUT_VERSION undefined. Defaulting to version 0x0800
  コード生成しています。
  393 of 3004 functions (13.1%) were compiled, the rest were copied from previous compilation.
    18 functions were new in current compilation
    241 functions had inline decision re-evaluated but remain unchanged
  コード生成が終了しました。
  Framework.vcxproj -> C:\Users\weiqi\Documents\GM31\shinobiVer1.52\Framework.exe
  Framework.vcxproj -> C:\Users\weiqi\Documents\GM31\shinobiVer1.52\Framework.pdb (Full PDB)
